0 3019b6c8
0 300e20d8
0 3026e398
0 30192830
1 30192830
0 300049d0
0 30004960
0 30004a30
0 30004a38
0 3019b6d0
0 300e2118
0 3026e458
0 30192830
1 30192830
0 300049d0
0 30004960
0 30004a30
0 30004a38
0 3019b6d8
0 300e2158
0 3026e518
0 30192830
1 30192830
0 300049d0
0 30004960
0 30004a30
0 30004a38
0 3019b6e0
0 300e2198
0 3026e5d8
0 30192830
1 30192830
0 300049d0
0 30004960
0 30004a30
0 30004a38
0 3019b6e8
0 300e21d8
0 3026e698
0 30192830
1 30192830
0 300049d0
0 30004960
0 30004a30
0 30004a38
0 3019b6f0
0 300e2218
0 3026e758
0 30192830
1 30192830
0 300049d0
0 30004960
0 30004a30
0 30004a38
0 3019b6f8
0 300e2258
0 3026e818
0 30192830
1 30192830
0 300049d0
0 30004960
0 30004a30
0 30004a38
0 3019b700
0 300e2298
0 3026e8d8
0 30192830
1 30192830
0 300049d0
0 30004960
0 30004a30
0 30004a38
0 3019b708
0 300e22d8
0 3026e998
0 30192830
1 30192830
0 300049d0
0 30004960
0 30004a30
0 30004a38
0 3019b710
0 300e2318
0 3026ea58
0 30192830
1 30192830
0 300049d0
0 30004960
0 30004a30
0 30004a38
0 3019b718
0 300e2358
0 3026eb18
0 30192830
1 30192830
0 300049d0
0 30004960
0 30004a30
0 30004a38
0 3019b720
0 300e2398
0 3026ebd8
0 30192830
1 30192830
0 300049d0
0 30004960
0 30004a30
0 30004a38
0 3019b728
0 300e23d8
0 3026ec98
0 30192830
1 30192830
0 300049d0
0 30004960
0 30004a30
0 30004a38
0 3019b730
0 300e2418
0 3026ed58
0 30192830
1 30192830
0 300049d0
0 30004960
0 30004a30
0 30004a38
0 3019b738
0 300e2458
0 3026ee18
0 30192830
1 30192830
0 300049d0
0 30004960
0 30004a30
0 30004a38
0 3019b740
0 300e2498
0 3026eed8
0 30192830
1 30192830
0 300049d0
0 30004960
0 30004a30
0 30004a38
0 3019b748
0 300e24d8
0 3026ef98
0 30192830
1 30192830
0 300049d0
0 30004960
0 30004a30
0 30004a38
0 3019b750
0 300e2518
0 3026f058
0 30192830
1 30192830
0 300049d0
0 30004960
0 30004a30
0 30004a38
0 3019b758
0 300e2558
0 3026f118
0 30192830
1 30192830
0 300049d0
0 30004960
0 30004a30
0 30004a38
0 3019b760
0 300e2598
0 3026f1d8
0 30192830
1 30192830
0 300049d0
0 30004960
0 30004a30
0 30004a38
0 3019b768
0 300e25d8
0 3026f298
0 30192830
1 30192830
0 300049d0
0 30004960
0 30004a30
0 30004a38
0 3019b770
0 300e2618
0 3026f358
0 30192830
1 30192830
0 300049d0
0 30004960
0 30004a30
0 30004a38
0 3019b778
0 300e2658
0 3026f418
0 30192830
1 30192830
0 300049d0
0 30004960
0 30004a30
0 30004a38
0 3019b780
0 300e2698
0 3026f4d8
0 30192830
1 30192830
0 300049d0
0 30004960
0 30004a30
0 30004a38
0 3019b788
0 300e26d8
0 3026f598
0 30192830
1 30192830
0 300049d0
0 30004960
0 30004a30
0 30004a38
0 3019b790
0 300e2718
0 3026f658
0 30192830
1 30192830
0 300049d0
0 30004960
0 30004a30
0 30004a38
0 3019b798
0 300e2758
0 3026f718
0 30192830
1 30192830
0 300049d0
0 30004960
0 30004a30
0 30004a38
0 3019b7a0
0 300e2798
0 3026f7d8
0 30192830
1 30192830
0 300049d0
0 30004960
0 30004a30
0 30004a38
0 3019b7a8
0 300e27d8
0 3026f898
0 30192830
1 30192830
0 300049d0
0 30004960
0 30004a30
0 30004a38
0 3019b7b0
0 300e2818
0 3026f958
0 30192830
1 30192830
0 300049d0
0 30004960
0 30004a30
0 30004a38
0 3019b7b8
0 300e2858
0 3026fa18
0 30192830
1 30192830
0 300049d0
0 30004960
0 30004a30
0 30004a38
0 3019b7c0
0 300e2898
0 3026fad8
0 30192830
1 30192830
0 300049d0
0 30004960
0 30004a30
0 30004a38
0 3019b7c8
0 300e28d8
0 3026fb98
0 30192830
1 30192830
0 300049d0
0 30004960
0 30004a30
0 30004a38
0 3019b7d0
0 300e2918
0 3026fc58
0 30192830
1 30192830
0 300049d0
0 30004960
0 30004a30
0 30004a38
0 3019b7d8
0 300e2958
0 3026fd18
0 30192830
1 30192830
0 300049d0
0 30004960
0 30004a30
0 30004a38
0 3019b7e0
0 300e2998
0 3026fdd8
0 30192830
1 30192830
0 300049d0
0 30004960
0 30004a30
0 30004a38
0 3019b7e8
0 300e29d8
0 3026fe98
0 30192830
1 30192830
0 300049d0
0 30004960
0 30004a30
0 30004a38
0 3019b7f0
0 300e2a18
0 3026ff58
0 30192830
1 30192830
0 300049d0
0 30004960
0 30004a30
0 30004a38
0 3019b7f8
0 300e2a58
0 30270018
0 30192830
1 30192830
0 300049d0
0 30004960
0 30004a30
0 30004a38
0 3019b800
0 300e2a98
0 302700d8
0 30192830
1 30192830
0 300049d0
0 30004960
0 30004a30
0 30004a38
0 3019b808
0 300e2ad8
0 30270198
0 30192830
1 30192830
0 300049d0
0 30004960
0 30004a30
0 30004a38
0 3019b810
0 300e2b18
0 30270258
0 30192830
1 30192830
0 300049d0
0 30004960
0 30004a30
0 30004a38
0 3019b818
0 300e2b58
0 30270318
0 30192830
1 30192830
0 300049d0
0 30004960
0 30004a30
0 30004a38
0 3019b820
0 300e2b98
0 302703d8
0 30192830
1 30192830
0 300049d0
0 30004960
0 30004a30
0 30004a38
0 3019b828
0 300e2bd8
0 30270498
0 30192830
1 30192830
0 300049d0
0 30004960
0 30004a30
0 30004a38
0 3019b830
0 300e2c18
0 30270558
0 30192830
1 30192830
0 300049d0
0 30004960
0 30004a30
0 30004a38
0 3019b838
0 300e2c58
0 30270618
0 30192830
1 30192830
0 300049d0
0 30004960
0 30004a30
0 30004a38
0 3019b840
0 300e2c98
0 302706d8
0 30192830
1 30192830
0 300049d0
0 30004960
0 30004a30
0 30004a38
0 3019b848
0 300e2cd8
0 30270798
0 30192830
1 30192830
0 300049d0
0 30004960
0 30004a30
0 30004a38
0 3019b850
0 300e2d18
0 30270858
0 30192830
1 30192830
0 300049d0
0 30004960
0 30004a30
0 30004a38
0 3019b858
0 300e2d58
0 30270918
0 30192830
1 30192830
0 300049d0
0 30004960
0 30004a30
0 30004a38
0 3019b860
0 300e2d98
0 302709d8
0 30192830
1 30192830
0 300049d0
0 30004960
0 30004a30
0 30004a38
0 3019b868
0 300e2dd8
0 30270a98
0 30192830
1 30192830
0 300049d0
0 30004960
0 30004a30
0 30004a38
0 3019b870
0 300e2e18
0 30270b58
0 30192830
1 30192830
0 300049d0
0 30004960
0 30004a30
0 30004a38
0 3019b878
0 300e2e58
0 30270c18
0 30192830
1 30192830
0 300049d0
0 30004960
0 30004a30
0 30004a38
0 3019b880
0 300e2e98
0 30270cd8
0 30192830
1 30192830
0 300049d0
0 30004960
0 30004a30
0 30004a38
0 3019b888
0 300e2ed8
0 30270d98
0 30192830
1 30192830
0 300049d0
0 30004960
0 30004a30
0 30004a38
0 3019b890
0 300e2f18
0 30270e58
0 30192830
1 30192830
0 300049d0
0 30004960
0 30004a30
0 30004a38
0 3019b898
0 300e2f58
0 30270f18
0 30192830
1 30192830
0 300049d0
0 30004960
0 30004a30
0 30004a38
0 3019b8a0
0 300e2f98
0 30270fd8
0 30192830
1 30192830
0 300049d0
0 30004960
0 30004a30
0 30004a38
0 3019b8a8
0 300e2fd8
0 30271098
0 30192830
1 30192830
0 300049d0
0 30004960
0 30004a30
0 30004a38
0 3019b8b0
0 300e3018
0 30271158
0 30192830
1 30192830
0 300049d0
0 30004960
0 30004a30
0 30004a38
0 3019b8b8
0 300e3058
0 30271218
0 30192830
1 30192830
0 300049d0
0 30004960
0 30004a30
0 30004a38
0 3019b8c0
0 300e3098
0 302712d8
0 30192830
1 30192830
0 300049d0
0 30004960
0 30004a30
0 30004a38
0 3019b8c8
0 300e30d8
0 30271398
0 30192830
1 30192830
0 300049d0
0 30004960
0 30004a30
0 30004a38
0 3019b8d0
0 300e3118
0 30271458
0 30192830
1 30192830
0 300049d0
0 30004960
0 30004a30
0 30004a38
0 3019b8d8
0 300e3158
0 30271518
0 30192830
1 30192830
0 300049d0
0 30004960
0 30004a30
0 30004a38
0 3019b8e0
0 300e3198
0 302715d8
0 30192830
1 30192830
0 300049d0
0 30004960
0 30004a30
0 30004a38
0 3019b8e8
0 300e31d8
0 30271698
0 30192830
1 30192830
0 300049d0
0 30004960
0 30004a30
0 30004a38
0 3019b8f0
0 300e3218
0 30271758
0 30192830
1 30192830
0 300049d0
0 30004960
0 30004a30
0 30004a38
0 3019b8f8
0 300e3258
0 30271818
0 30192830
1 30192830
0 300049d0
0 30004960
0 30004a30
0 30004a38
0 3019b900
0 300e3298
0 302718d8
0 30192830
1 30192830
0 300049d0
0 30004960
0 30004a30
0 30004a38
0 3019b908
0 300e32d8
0 30271998
0 30192830
1 30192830
0 300049d0
0 30004960
0 30004a30
0 30004a38
0 3019b910
0 300e3318
0 30271a58
0 30192830
1 30192830
0 300049d0
0 30004960
0 30004a30
0 30004a38
0 3019b918
0 300e3358
0 30271b18
0 30192830
1 30192830
0 300049d0
0 30004960
0 30004a30
0 30004a38
0 3019b920
0 300e3398
0 30271bd8
0 30192830
1 30192830
0 300049d0
0 30004960
0 30004a30
0 30004a38
0 3019b928
0 300e33d8
0 30271c98
0 30192830
1 30192830
0 300049d0
0 30004960
0 30004a30
0 30004a38
0 3019b930
0 300e3418
0 30271d58
0 30192830
1 30192830
0 300049d0
0 30004960
0 30004a30
0 30004a38
0 3019b938
0 300e3458
0 30271e18
0 30192830
1 30192830
0 300049d0
0 30004960
0 30004a30
0 30004a38
0 3019b940
0 300e3498
0 30271ed8
0 30192830
1 30192830
0 300049d0
0 30004960
0 30004a30
0 30004a38
0 3019b948
0 300e34d8
0 30271f98
0 30192830
1 30192830
0 300049d0
0 30004960
0 30004a30
0 30004a38
0 3019b950
0 300e3518
0 30272058
0 30192830
1 30192830
0 300049d0
0 30004960
0 30004a30
0 30004a38
0 3019b958
0 300e3558
0 30272118
0 30192830
1 30192830
0 300049d0
0 30004960
0 30004a30
0 30004a38
0 3019b960
0 300e3598
0 302721d8
0 30192830
1 30192830
0 300049d0
0 30004960
0 30004a30
0 30004a38
0 3019b968
0 300e35d8
0 30272298
0 30192830
1 30192830
0 300049d0
0 30004960
0 30004a30
0 30004a38
0 3019b970
0 300e3618
0 30272358
0 30192830
1 30192830
0 300049d0
0 30004960
0 30004a30
0 30004a38
0 3019b978
0 300e3658
0 30272418
0 30192830
1 30192830
0 300049d0
0 30004960
0 30004a30
0 30004a38
0 3019b980
0 300e3698
0 302724d8
0 30192830
1 30192830
0 300049d0
0 30004960
0 30004a30
0 30004a38
0 3019b988
0 300e36d8
0 30272598
0 30192830
1 30192830
0 300049d0
0 30004960
0 30004a30
0 30004a38
0 3019b990
0 300e3718
0 30272658
0 30192830
1 30192830
0 300049d0
0 30004960
0 30004a30
0 30004a38
0 3019b998
0 300e3758
0 30272718
0 30192830
1 30192830
0 300049d0
0 30004960
0 30004a30
0 30004a38
0 3019b9a0
0 300e3798
0 302727d8
0 30192830
1 30192830
0 300049d0
0 30004960
0 30004a30
0 30004a38
0 3019b9a8
0 300e37d8
0 30272898
0 30192830
1 30192830
0 300049d0
0 30004960
0 30004a30
0 30004a38
0 3019b9b0
0 300e3818
0 30272958
0 30192830
1 30192830
0 300049d0
0 30004960
0 30004a30
0 30004a38
0 3019b9b8
0 300e3858
0 30272a18
0 30192830
1 30192830
0 300049d0
0 30004960
0 30004a30
0 30004a38
0 3019b9c0
0 300e3898
0 30272ad8
0 30192830
1 30192830
0 300049d0
0 30004960
0 30004a30
0 30004a38
0 3019b9c8
0 300e38d8
0 30272b98
0 30192830
1 30192830
0 300049d0
0 30004960
0 30004a30
0 30004a38
0 3019b9d0
0 300e3918
0 30272c58
0 30192830
1 30192830
0 300049d0
0 30004960
0 30004a30
0 30004a38
0 3019b9d8
0 300e3958
0 30272d18
0 30192830
1 30192830
0 300049d0
0 30004960
0 30004a30
0 30004a38
0 3019b9e0
0 300e3998
0 30272dd8
0 30192830
1 30192830
0 300049d0
0 30004960
0 30004a30
0 30004a38
0 3019b9e8
0 300e39d8
0 30272e98
0 30192830
1 30192830
0 300049d0
0 30004960
0 30004a30
0 30004a38
0 3019b9f0
0 300e3a18
0 30272f58
0 30192830
1 30192830
0 300049d0
0 30004960
0 30004a30
0 30004a38
0 3019b9f8
0 300e3a58
0 30273018
0 30192830
1 30192830
0 300049d0
0 30004960
0 30004a30
0 30004a38
0 3019ba00
0 300e3a98
0 302730d8
0 30192830
1 30192830
0 300049d0
0 30004960
0 30004a30
0 30004a38
0 3019ba08
0 300e3ad8
0 30273198
0 30192830
1 30192830
0 300049d0
0 30004960
0 30004a30
0 30004a38
0 3019ba10
0 300e3b18
0 30273258
0 30192830
1 30192830
0 300049d0
0 30004960
0 30004a30
0 30004a38
0 3019ba18
0 300e3b58
0 30273318
0 30192830
1 30192830
0 300049d0
0 30004960
0 30004a30
0 30004a38
0 3019ba20
0 300e3b98
0 302733d8
0 30192830
1 30192830
0 300049d0
0 30004960
0 30004a30
0 30004a38
0 3019ba28
0 300e3bd8
0 30273498
0 30192830
1 30192830
0 300049d0
0 30004960
0 30004a30
0 30004a38
0 3019ba30
0 300e3c18
0 30273558
0 30192830
1 30192830
0 300049d0
0 30004960
0 30004a30
0 30004a38
0 3019ba38
0 300e3c58
0 30273618
0 30192830
1 30192830
0 300049d0
0 30004960
0 30004a30
0 30004a38
0 3019ba40